#
# There is insufficient memory for the Java Runtime Environment to continue.
# Native memory allocation (mmap) failed to map 134217728 bytes for G1 virtual space
# Possible reasons:
#   The system is out of physical RAM or swap space
#   The process is running with CompressedOops enabled, and the Java Heap may be blocking the growth of the native heap
# Possible solutions:
#   Reduce memory load on the system
#   Increase physical memory or swap space
#   Check if swap backing store is full
#   Decrease Java heap size (-Xmx/-Xms)
#   Decrease number of Java threads
#   Decrease Java thread stack sizes (-Xss)
#   Set larger code cache with -XX:ReservedCodeCacheSize=
#   JVM is running with Unscaled Compressed Oops mode in which the Java heap is
#     placed in the first 4GB address space. The Java Heap base address is the
#     maximum limit for the native heap growth. Please use -XX:HeapBaseMinAddress
#     to set the Java Heap base and to place the Java Heap above 4GB virtual address.
# This output file may be truncated or incomplete.
#
#  Out of Memory Error (os_windows.cpp:3552), pid=22900, tid=22100
#
# JRE version:  (17.0.9+11) (build )
# Java VM: Java HotSpot(TM) 64-Bit Server VM (17.0.9+11-LTS-201, mixed mode, sharing, tiered, compressed oops, compressed class ptrs, g1 gc, windows-amd64)
# No core dump will be written. Minidumps are not enabled by default on client versions of Windows
#

---------------  S U M M A R Y ------------

Command Line: -Dclassworlds.conf=C:\Program Files\NetBeans-19\netbeans\java\maven\bin\m2.conf -Dmaven.home=C:\Program Files\NetBeans-19\netbeans\java\maven -Dlibrary.jansi.path=C:\Program Files\NetBeans-19\netbeans\java\maven\lib\jansi-native -Dmaven.multiModuleProjectDirectory=C:\Users\GODisGOOD\Documents\NetBeansProjects\Student_Management_System org.codehaus.plexus.classworlds.launcher.Launcher -Dexec.vmArgs= -Dexec.args=${exec.vmArgs} -classpath %classpath ${exec.mainClass} ${exec.appArgs} -Dexec.executable=C:\Program Files\Java\jdk-17\bin\java.exe -Dexec.mainClass=com.mycompany.student_management_system.Student_Management_System -Dexec.classpathScope=runtime -Dexec.appArgs= -Dmaven.ext.class.path=C:\Program Files\NetBeans-19\netbeans\java\maven-nblib\netbeans-eventspy.jar -Dfile.encoding=UTF-8 --no-transfer-progress process-classes org.codehaus.mojo:exec-maven-plugin:3.1.0:exec

Host: Intel(R) Core(TM) i5-2450M CPU @ 2.50GHz, 4 cores, 7G,  Windows 10 , 64 bit Build 19041 (10.0.19041.5198)
Time: Tue Jan 14 10:30:06 2025 Malay Peninsula Standard Time elapsed time: 0.023042 seconds (0d 0h 0m 0s)

---------------  T H R E A D  ---------------

Current thread (0x0000027676ad97e0):  JavaThread "Unknown thread" [_thread_in_vm, id=22100, stack(0x0000007b1c400000,0x0000007b1c500000)]

Stack: [0x0000007b1c400000,0x0000007b1c500000]
Native frames: (J=compiled Java code, j=interpreted, Vv=VM code, C=native code)
V  [jvm.dll+0x678a4a]
V  [jvm.dll+0x7d9cfd]
V  [jvm.dll+0x7db60e]
V  [jvm.dll+0x7dbc73]
V  [jvm.dll+0x245e1f]
V  [jvm.dll+0x6758f9]
V  [jvm.dll+0x66a2a2]
V  [jvm.dll+0x303686]
V  [jvm.dll+0x30ac06]
V  [jvm.dll+0x35a48e]
V  [jvm.dll+0x35a6bf]
V  [jvm.dll+0x2da678]
V  [jvm.dll+0x2db5e4]
V  [jvm.dll+0x7ab6b1]
V  [jvm.dll+0x368041]
V  [jvm.dll+0x78a749]
V  [jvm.dll+0x3ebd4f]
V  [jvm.dll+0x3ed7d1]
C  [jli.dll+0x5297]
C  [ucrtbase.dll+0x21bb2]
C  [KERNEL32.DLL+0x17374]
C  [ntdll.dll+0x4cc91]


---------------  P R O C E S S  ---------------

Threads class SMR info:
_java_thread_list=0x00007ffc9f5b89d8, length=0, elements={
}

Java Threads: ( => current thread )

Other Threads:
  0x0000027676b32700 GCTaskThread "GC Thread#0" [stack: 0x0000007b1c500000,0x0000007b1c600000] [id=4988]
  0x0000027676b44170 ConcurrentGCThread "G1 Main Marker" [stack: 0x0000007b1c600000,0x0000007b1c700000] [id=6712]
  0x0000027676b469b0 ConcurrentGCThread "G1 Conc#0" [stack: 0x0000007b1c700000,0x0000007b1c800000] [id=6268]

[error occurred during error reporting (printing all threads), id 0xc0000005, EXCEPTION_ACCESS_VIOLATION (0xc0000005) at pc=0x00007ffc9edeb2d7]

VM state: not at safepoint (not fully initialized)

VM Mutex/Monitor currently owned by a thread:  ([mutex/lock_event])
[0x0000027676ad5550] Heap_lock - owner thread: 0x0000027676ad97e0

Heap address: 0x0000000081800000, size: 2024 MB, Compressed Oops mode: 32-bit

CDS archive(s) mapped at: [0x0000000000000000-0x0000000000000000-0x0000000000000000), size 0, SharedBaseAddress: 0x0000000800000000, ArchiveRelocationMode: 1.
Narrow klass base: 0x0000000000000000, Narrow klass shift: 0, Narrow klass range: 0x0

GC Precious Log:
<Empty>

Heap:
 garbage-first heap   total 0K, used 0K [0x0000000081800000, 0x0000000100000000)
  region size 1024K, 0 young (0K), 0 survivors (0K)

[error occurred during error reporting (printing heap information), id 0xc0000005, EXCEPTION_ACCESS_VIOLATION (0xc0000005) at pc=0x00007ffc9f1d2229]

GC Heap History (0 events):
No events

Deoptimization events (0 events):
No events

Classes unloaded (0 events):
No events

Classes redefined (0 events):
No events

Internal exceptions (0 events):
No events

VM Operations (0 events):
No events

Events (1 events):
Event: 0.014 Loaded shared library C:\Program Files\Java\jdk-17\bin\java.dll


Dynamic libraries:
0x00007ff667ae0000 - 0x00007ff667af0000 	C:\Program Files\Java\jdk-17\bin\java.exe
0x00007ffcff9f0000 - 0x00007ffcffbe8000 	C:\WINDOWS\SYSTEM32\ntdll.dll
0x00007ffcfdab0000 - 0x00007ffcfdb72000 	C:\WINDOWS\System32\KERNEL32.DLL
0x00007ffcfd0e0000 - 0x00007ffcfd3de000 	C:\WINDOWS\System32\KERNELBASE.dll
0x00007ffcfd620000 - 0x00007ffcfd720000 	C:\WINDOWS\System32\ucrtbase.dll
0x00007ffcf96f0000 - 0x00007ffcf9709000 	C:\Program Files\Java\jdk-17\bin\jli.dll
0x00007ffcfeca0000 - 0x00007ffcfed51000 	C:\WINDOWS\System32\ADVAPI32.dll
0x00007ffcfda10000 - 0x00007ffcfdaae000 	C:\WINDOWS\System32\msvcrt.dll
0x00007ffcfe990000 - 0x00007ffcfea2f000 	C:\WINDOWS\System32\sechost.dll
0x00007ffcfdfe0000 - 0x00007ffcfe103000 	C:\WINDOWS\System32\RPCRT4.dll
0x00007ffcfd4c0000 - 0x00007ffcfd4e7000 	C:\WINDOWS\System32\bcrypt.dll
0x00007ffcfed60000 - 0x00007ffcfeefd000 	C:\WINDOWS\System32\USER32.dll
0x00007ffcfd490000 - 0x00007ffcfd4b2000 	C:\WINDOWS\System32\win32u.dll
0x00007ffcfe220000 - 0x00007ffcfe24b000 	C:\WINDOWS\System32\GDI32.dll
0x00007ffcfd720000 - 0x00007ffcfd837000 	C:\WINDOWS\System32\gdi32full.dll
0x00007ffcfd580000 - 0x00007ffcfd61d000 	C:\WINDOWS\System32\msvcp_win.dll
0x00007ffcf2950000 - 0x00007ffcf296b000 	C:\Program Files\Java\jdk-17\bin\VCRUNTIME140.dll
0x00007ffceb140000 - 0x00007ffceb3da000 	C:\WINDOWS\WinSxS\amd64_microsoft.windows.common-controls_6595b64144ccf1df_6.0.19041.4355_none_60b8b9eb71f62e16\COMCTL32.dll
0x00007ffceaf70000 - 0x00007ffceaf7a000 	C:\WINDOWS\SYSTEM32\VERSION.dll
0x00007ffcfe1f0000 - 0x00007ffcfe21f000 	C:\WINDOWS\System32\IMM32.DLL
0x00007ffcf2e80000 - 0x00007ffcf2e8c000 	C:\Program Files\Java\jdk-17\bin\vcruntime140_1.dll
0x00007ffcdcdc0000 - 0x00007ffcdce4e000 	C:\Program Files\Java\jdk-17\bin\msvcp140.dll
0x00007ffc9eb00000 - 0x00007ffc9f6e1000 	C:\Program Files\Java\jdk-17\bin\server\jvm.dll
0x00007ffcff9a0000 - 0x00007ffcff9a8000 	C:\WINDOWS\System32\PSAPI.DLL
0x00007ffcf9c20000 - 0x00007ffcf9c29000 	C:\WINDOWS\SYSTEM32\WSOCK32.dll
0x00007ffcfdb80000 - 0x00007ffcfdbeb000 	C:\WINDOWS\System32\WS2_32.dll
0x00007ffcebcc0000 - 0x00007ffcebce7000 	C:\WINDOWS\SYSTEM32\WINMM.dll
0x00007ffcfae30000 - 0x00007ffcfae42000 	C:\WINDOWS\SYSTEM32\kernel.appcore.dll
0x00007ffce0a70000 - 0x00007ffce0a7a000 	C:\Program Files\Java\jdk-17\bin\jimage.dll
0x00007ffce94f0000 - 0x00007ffce96d4000 	C:\WINDOWS\SYSTEM32\DBGHELP.DLL
0x00007ffce8c10000 - 0x00007ffce8c44000 	C:\WINDOWS\SYSTEM32\dbgcore.DLL
0x00007ffcfd4f0000 - 0x00007ffcfd572000 	C:\WINDOWS\System32\bcryptPrimitives.dll
0x00007ffcb15a0000 - 0x00007ffcb15c5000 	C:\Program Files\Java\jdk-17\bin\java.dll

dbghelp: loaded successfully - version: 4.0.5 - missing functions: none
symbol engine: initialized successfully - sym options: 0x614 - pdb path: .;C:\Program Files\Java\jdk-17\bin;C:\WINDOWS\SYSTEM32;C:\WINDOWS\WinSxS\amd64_microsoft.windows.common-controls_6595b64144ccf1df_6.0.19041.4355_none_60b8b9eb71f62e16;C:\Program Files\Java\jdk-17\bin\server

VM Arguments:
jvm_args: -Dclassworlds.conf=C:\Program Files\NetBeans-19\netbeans\java\maven\bin\m2.conf -Dmaven.home=C:\Program Files\NetBeans-19\netbeans\java\maven -Dlibrary.jansi.path=C:\Program Files\NetBeans-19\netbeans\java\maven\lib\jansi-native -Dmaven.multiModuleProjectDirectory=C:\Users\GODisGOOD\Documents\NetBeansProjects\Student_Management_System 
java_command: org.codehaus.plexus.classworlds.launcher.Launcher -Dexec.vmArgs= -Dexec.args=${exec.vmArgs} -classpath %classpath ${exec.mainClass} ${exec.appArgs} -Dexec.executable=C:\Program Files\Java\jdk-17\bin\java.exe -Dexec.mainClass=com.mycompany.student_management_system.Student_Management_System -Dexec.classpathScope=runtime -Dexec.appArgs= -Dmaven.ext.class.path=C:\Program Files\NetBeans-19\netbeans\java\maven-nblib\netbeans-eventspy.jar -Dfile.encoding=UTF-8 --no-transfer-progress process-classes org.codehaus.mojo:exec-maven-plugin:3.1.0:exec
java_class_path (initial): C:\Program Files\NetBeans-19\netbeans\java\maven\boot\plexus-classworlds-2.7.0.jar
Launcher Type: SUN_STANDARD

[Global flags]
     intx CICompilerCount                          = 3                                         {product} {ergonomic}
     uint ConcGCThreads                            = 1                                         {product} {ergonomic}
     uint G1ConcRefinementThreads                  = 4                                         {product} {ergonomic}
   size_t G1HeapRegionSize                         = 1048576                                   {product} {ergonomic}
    uintx GCDrainStackTargetSize                   = 64                                        {product} {ergonomic}
   size_t InitialHeapSize                          = 134217728                                 {product} {ergonomic}
   size_t MarkStackSize                            = 4194304                                   {product} {ergonomic}
   size_t MaxHeapSize                              = 2122317824                                {product} {ergonomic}
   size_t MinHeapDeltaBytes                        = 1048576                                   {product} {ergonomic}
   size_t MinHeapSize                              = 8388608                                   {product} {ergonomic}
    uintx NonNMethodCodeHeapSize                   = 5832780                                {pd product} {ergonomic}
    uintx NonProfiledCodeHeapSize                  = 122912730                              {pd product} {ergonomic}
    uintx ProfiledCodeHeapSize                     = 122912730                              {pd product} {ergonomic}
    uintx ReservedCodeCacheSize                    = 251658240                              {pd product} {ergonomic}
     bool SegmentedCodeCache                       = true                                      {product} {ergonomic}
   size_t SoftMaxHeapSize                          = 2122317824                             {manageable} {ergonomic}
     bool UseCompressedClassPointers               = true                           {product lp64_product} {ergonomic}
     bool UseCompressedOops                        = true                           {product lp64_product} {ergonomic}
     bool UseG1GC                                  = true                                      {product} {ergonomic}
     bool UseLargePagesIndividualAllocation        = false                                  {pd product} {ergonomic}

Logging:
Log output configuration:
 #0: stdout all=warning uptime,level,tags
 #1: stderr all=off uptime,level,tags

Environment Variables:
JAVA_HOME=C:\Program Files\Java\jdk-17
PATH=C:\Program Files\Common Files\Oracle\Java\javapath;C:\WINDOWS\system32;C:\WINDOWS;C:\WINDOWS\System32\Wbem;C:\WINDOWS\System32\WindowsPowerShell\v1.0\;C:\WINDOWS\System32\OpenSSH\;C:\Program Files\Java\jdk-22\bin;C:\MinGW\Bin.;C:\Program Files\MySQL\MySQL Shell 8.0\bin\;C:\Users\GODisGOOD\AppData\Local\Microsoft\WindowsApps;C:\Users\GODisGOOD\.dotnet\tools;C:\Users\GODisGOOD\AppData\Local\Programs\Microsoft VS Code\bin
USERNAME=XANNE
OS=Windows_NT
PROCESSOR_IDENTIFIER=Intel64 Family 6 Model 42 Stepping 7, GenuineIntel



---------------  S Y S T E M  ---------------

OS:
 Windows 10 , 64 bit Build 19041 (10.0.19041.5198)
OS uptime: 0 days 19:05 hours

CPU: total 4 (initial active 4) (2 cores per cpu, 2 threads per core) family 6 model 42 stepping 7 microcode 0x2f, cx8, cmov, fxsr, ht, mmx, sse, sse2, sse3, ssse3, sse4.1, sse4.2, popcnt, tsc, tscinvbit, avx, aes, clmul, vzeroupper, clflush

Memory: 4k page, system-wide physical 8092M (578M free)
TotalPageFile size 32668M (AvailPageFile size 16M)
current process WorkingSet (physical memory assigned to process): 10M, peak: 10M
current process commit charge ("private bytes"): 51M, peak: 179M

vm_info: Java HotSpot(TM) 64-Bit Server VM (17.0.9+11-LTS-201) for windows-amd64 JRE (17.0.9+11-LTS-201), built on Oct 10 2023 23:16:06 by "mach5one" with MS VC++ 17.1 (VS2022)

END.
